<?xml version="1.0" encoding="UTF-8"?>
<testng-results ignored="0" total="1" passed="1" failed="0" skipped="0">
  <reporter-output>
  </reporter-output>
  <suite started-at="2024-09-25T06:49:44 PDT" name="Default suite" finished-at="2024-09-25T06:49:53 PDT" duration-ms="9206">
    <groups>
    </groups>
    <test started-at="2024-09-25T06:49:44 PDT" name="Default test" finished-at="2024-09-25T06:49:53 PDT" duration-ms="9206">
      <class name="bbtests.MenuPageTest">
        <test-method is-config="true" signature="setup(org.testng.ITestContext)[pri:0, instance:bbtests.MenuPageTest@f736069]" started-at="2024-09-25T06:49:40 PDT" name="setup" finished-at="2024-09-25T06:49:44 PDT" duration-ms="3673" status="PASS">
          <params>
            <param index="0">
              <value>
                <![CDATA[org.testng.TestRunner@596df867]]>
              </value>
            </param>
          </params>
          <reporter-output>
          </reporter-output>
        </test-method> <!-- setup -->
        <test-method signature="selectcategory()[pri:0, instance:bbtests.MenuPageTest@f736069]" started-at="2024-09-25T06:49:44 PDT" name="selectcategory" finished-at="2024-09-25T06:49:53 PDT" duration-ms="8960" status="PASS">
          <reporter-output>
          </reporter-output>
        </test-method> <!-- selectcategory -->
        <test-method is-config="true" signature="tearDown()[pri:0, instance:bbtests.MenuPageTest@f736069]" started-at="2024-09-25T06:49:53 PDT" name="tearDown" finished-at="2024-09-25T06:49:53 PDT" duration-ms="226" status="PASS">
          <reporter-output>
          </reporter-output>
        </test-method> <!-- tearDown -->
      </class> <!-- bbtests.MenuPageTest -->
    </test> <!-- Default test -->
  </suite> <!-- Default suite -->
</testng-results>
